CRITICAL - 2022-04-19 07:24:53 --> Undefined array key "judul_berita"
#0 C:\xampp\htdocs\Astra-International\app\Views\home.php(127): CodeIgniter\Debug\Exceptions->errorHandler(2, 'Undefined array...', 'C:\\xampp\\htdocs...', 127)
#1 C:\xampp\htdocs\Astra-International\system\View\View.php(210): include('C:\\xampp\\htdocs...')
#2 C:\xampp\htdocs\Astra-International\system\View\View.php(213): CodeIgniter\View\View->CodeIgniter\View\{closure}()
#3 C:\xampp\htdocs\Astra-International\system\Common.php(1089): CodeIgniter\View\View->render('home', Array, true)
#4 C:\xampp\htdocs\Astra-International\app\Controllers\Home.php(14): view('home', Array)
#5 C:\xampp\htdocs\Astra-International\system\CodeIgniter.php(832): App\Controllers\Home->index()
#6 C:\xampp\htdocs\Astra-International\system\CodeIgniter.php(419): CodeIgniter\CodeIgniter->runController(Object(App\Controllers\Home))
#7 C:\xampp\htdocs\Astra-International\system\CodeIgniter.php(326): CodeIgniter\CodeIgniter->handleRequest(NULL, Object(Config\Cache), false)
#8 C:\xampp\htdocs\Astra-International\public\index.php(37): CodeIgniter\CodeIgniter->run()
#9 C:\xampp\htdocs\Astra-International\system\Commands\Server\rewrite.php(43): require_once('C:\\xampp\\htdocs...')
#10 {main}
CRITICAL - 2022-04-19 07:45:09 --> Undefined variable $row
#0 C:\xampp\htdocs\Astra-International\app\Views\home.php(127): CodeIgniter\Debug\Exceptions->errorHandler(2, 'Undefined varia...', 'C:\\xampp\\htdocs...', 127)
#1 C:\xampp\htdocs\Astra-International\system\View\View.php(210): include('C:\\xampp\\htdocs...')
#2 C:\xampp\htdocs\Astra-International\system\View\View.php(213): CodeIgniter\View\View->CodeIgniter\View\{closure}()
#3 C:\xampp\htdocs\Astra-International\system\Common.php(1089): CodeIgniter\View\View->render('home', Array, true)
#4 C:\xampp\htdocs\Astra-International\app\Controllers\Home.php(14): view('home', Array)
#5 C:\xampp\htdocs\Astra-International\system\CodeIgniter.php(832): App\Controllers\Home->index()
#6 C:\xampp\htdocs\Astra-International\system\CodeIgniter.php(419): CodeIgniter\CodeIgniter->runController(Object(App\Controllers\Home))
#7 C:\xampp\htdocs\Astra-International\system\CodeIgniter.php(326): CodeIgniter\CodeIgniter->handleRequest(NULL, Object(Config\Cache), false)
#8 C:\xampp\htdocs\Astra-International\public\index.php(37): CodeIgniter\CodeIgniter->run()
#9 C:\xampp\htdocs\Astra-International\system\Commands\Server\rewrite.php(43): require_once('C:\\xampp\\htdocs...')
#10 {main}
CRITICAL - 2022-04-19 07:45:13 --> Undefined variable $row
#0 C:\xampp\htdocs\Astra-International\app\Views\home.php(127): CodeIgniter\Debug\Exceptions->errorHandler(2, 'Undefined varia...', 'C:\\xampp\\htdocs...', 127)
#1 C:\xampp\htdocs\Astra-International\system\View\View.php(210): include('C:\\xampp\\htdocs...')
#2 C:\xampp\htdocs\Astra-International\system\View\View.php(213): CodeIgniter\View\View->CodeIgniter\View\{closure}()
#3 C:\xampp\htdocs\Astra-International\system\Common.php(1089): CodeIgniter\View\View->render('home', Array, true)
#4 C:\xampp\htdocs\Astra-International\app\Controllers\Home.php(14): view('home', Array)
#5 C:\xampp\htdocs\Astra-International\system\CodeIgniter.php(832): App\Controllers\Home->index()
#6 C:\xampp\htdocs\Astra-International\system\CodeIgniter.php(419): CodeIgniter\CodeIgniter->runController(Object(App\Controllers\Home))
#7 C:\xampp\htdocs\Astra-International\system\CodeIgniter.php(326): CodeIgniter\CodeIgniter->handleRequest(NULL, Object(Config\Cache), false)
#8 C:\xampp\htdocs\Astra-International\public\index.php(37): CodeIgniter\CodeIgniter->run()
#9 C:\xampp\htdocs\Astra-International\system\Commands\Server\rewrite.php(43): require_once('C:\\xampp\\htdocs...')
#10 {main}
CRITICAL - 2022-04-19 07:47:20 --> Attempt to read property "jenis_berita" on array
#0 C:\xampp\htdocs\Astra-International\app\Views\home.php(127): CodeIgniter\Debug\Exceptions->errorHandler(2, 'Attempt to read...', 'C:\\xampp\\htdocs...', 127)
#1 C:\xampp\htdocs\Astra-International\system\View\View.php(210): include('C:\\xampp\\htdocs...')
#2 C:\xampp\htdocs\Astra-International\system\View\View.php(213): CodeIgniter\View\View->CodeIgniter\View\{closure}()
#3 C:\xampp\htdocs\Astra-International\system\Common.php(1089): CodeIgniter\View\View->render('home', Array, true)
#4 C:\xampp\htdocs\Astra-International\app\Controllers\Home.php(14): view('home', Array)
#5 C:\xampp\htdocs\Astra-International\system\CodeIgniter.php(832): App\Controllers\Home->index()
#6 C:\xampp\htdocs\Astra-International\system\CodeIgniter.php(419): CodeIgniter\CodeIgniter->runController(Object(App\Controllers\Home))
#7 C:\xampp\htdocs\Astra-International\system\CodeIgniter.php(326): CodeIgniter\CodeIgniter->handleRequest(NULL, Object(Config\Cache), false)
#8 C:\xampp\htdocs\Astra-International\public\index.php(37): CodeIgniter\CodeIgniter->run()
#9 C:\xampp\htdocs\Astra-International\system\Commands\Server\rewrite.php(43): require_once('C:\\xampp\\htdocs...')
#10 {main}
CRITICAL - 2022-04-19 07:47:21 --> Attempt to read property "jenis_berita" on array
#0 C:\xampp\htdocs\Astra-International\app\Views\home.php(127): CodeIgniter\Debug\Exceptions->errorHandler(2, 'Attempt to read...', 'C:\\xampp\\htdocs...', 127)
#1 C:\xampp\htdocs\Astra-International\system\View\View.php(210): include('C:\\xampp\\htdocs...')
#2 C:\xampp\htdocs\Astra-International\system\View\View.php(213): CodeIgniter\View\View->CodeIgniter\View\{closure}()
#3 C:\xampp\htdocs\Astra-International\system\Common.php(1089): CodeIgniter\View\View->render('home', Array, true)
#4 C:\xampp\htdocs\Astra-International\app\Controllers\Home.php(14): view('home', Array)
#5 C:\xampp\htdocs\Astra-International\system\CodeIgniter.php(832): App\Controllers\Home->index()
#6 C:\xampp\htdocs\Astra-International\system\CodeIgniter.php(419): CodeIgniter\CodeIgniter->runController(Object(App\Controllers\Home))
#7 C:\xampp\htdocs\Astra-International\system\CodeIgniter.php(326): CodeIgniter\CodeIgniter->handleRequest(NULL, Object(Config\Cache), false)
#8 C:\xampp\htdocs\Astra-International\public\index.php(37): CodeIgniter\CodeIgniter->run()
#9 C:\xampp\htdocs\Astra-International\system\Commands\Server\rewrite.php(43): require_once('C:\\xampp\\htdocs...')
#10 {main}
CRITICAL - 2022-04-19 07:48:34 --> Attempt to read property "keterangan" on array
#0 C:\xampp\htdocs\Astra-International\app\Views\home.php(127): CodeIgniter\Debug\Exceptions->errorHandler(2, 'Attempt to read...', 'C:\\xampp\\htdocs...', 127)
#1 C:\xampp\htdocs\Astra-International\system\View\View.php(210): include('C:\\xampp\\htdocs...')
#2 C:\xampp\htdocs\Astra-International\system\View\View.php(213): CodeIgniter\View\View->CodeIgniter\View\{closure}()
#3 C:\xampp\htdocs\Astra-International\system\Common.php(1089): CodeIgniter\View\View->render('home', Array, true)
#4 C:\xampp\htdocs\Astra-International\app\Controllers\Home.php(14): view('home', Array)
#5 C:\xampp\htdocs\Astra-International\system\CodeIgniter.php(832): App\Controllers\Home->index()
#6 C:\xampp\htdocs\Astra-International\system\CodeIgniter.php(419): CodeIgniter\CodeIgniter->runController(Object(App\Controllers\Home))
#7 C:\xampp\htdocs\Astra-International\system\CodeIgniter.php(326): CodeIgniter\CodeIgniter->handleRequest(NULL, Object(Config\Cache), false)
#8 C:\xampp\htdocs\Astra-International\public\index.php(37): CodeIgniter\CodeIgniter->run()
#9 C:\xampp\htdocs\Astra-International\system\Commands\Server\rewrite.php(43): require_once('C:\\xampp\\htdocs...')
#10 {main}
CRITICAL - 2022-04-19 07:56:13 --> Class "App\Controllers\BeritaModel" not found
#0 C:\xampp\htdocs\Astra-International\system\CodeIgniter.php(832): App\Controllers\Home->index()
#1 C:\xampp\htdocs\Astra-International\system\CodeIgniter.php(419): CodeIgniter\CodeIgniter->runController(Object(App\Controllers\Home))
#2 C:\xampp\htdocs\Astra-International\system\CodeIgniter.php(326): CodeIgniter\CodeIgniter->handleRequest(NULL, Object(Config\Cache), false)
#3 C:\xampp\htdocs\Astra-International\public\index.php(37): CodeIgniter\CodeIgniter->run()
#4 C:\xampp\htdocs\Astra-International\system\Commands\Server\rewrite.php(43): require_once('C:\\xampp\\htdocs...')
#5 {main}
CRITICAL - 2022-04-19 07:56:26 --> Undefined variable $data
#0 C:\xampp\htdocs\Astra-International\app\Controllers\Home.php(9): CodeIgniter\Debug\Exceptions->errorHandler(2, 'Undefined varia...', 'C:\\xampp\\htdocs...', 9)
#1 C:\xampp\htdocs\Astra-International\system\CodeIgniter.php(832): App\Controllers\Home->index()
#2 C:\xampp\htdocs\Astra-International\system\CodeIgniter.php(419): CodeIgniter\CodeIgniter->runController(Object(App\Controllers\Home))
#3 C:\xampp\htdocs\Astra-International\system\CodeIgniter.php(326): CodeIgniter\CodeIgniter->handleRequest(NULL, Object(Config\Cache), false)
#4 C:\xampp\htdocs\Astra-International\public\index.php(37): CodeIgniter\CodeIgniter->run()
#5 C:\xampp\htdocs\Astra-International\system\Commands\Server\rewrite.php(43): require_once('C:\\xampp\\htdocs...')
#6 {main}
